2023-06-10 16:33:03,183 INFO o.a.j.u.JMeterUtils: Setting Locale to en_EN
2023-06-10 16:33:03,221 INFO o.a.j.JMeter: Loading user properties from: /usr/local/Cellar/jmeter/5.5/libexec/bin/user.properties
2023-06-10 16:33:03,222 INFO o.a.j.JMeter: Loading system properties from: /usr/local/Cellar/jmeter/5.5/libexec/bin/system.properties
2023-06-10 16:33:03,232 INFO o.a.j.JMeter: Copyright (c) 1998-2022 The Apache Software Foundation
2023-06-10 16:33:03,232 INFO o.a.j.JMeter: Version 5.5
2023-06-10 16:33:03,232 INFO o.a.j.JMeter: java.version=17.0.7
2023-06-10 16:33:03,232 INFO o.a.j.JMeter: java.vm.name=OpenJDK 64-Bit Server VM
2023-06-10 16:33:03,232 INFO o.a.j.JMeter: os.name=Mac OS X
2023-06-10 16:33:03,232 INFO o.a.j.JMeter: os.arch=x86_64
2023-06-10 16:33:03,232 INFO o.a.j.JMeter: os.version=13.4
2023-06-10 16:33:03,233 INFO o.a.j.JMeter: file.encoding=UTF-8
2023-06-10 16:33:03,233 INFO o.a.j.JMeter: java.awt.headless=null
2023-06-10 16:33:03,233 INFO o.a.j.JMeter: Max memory     =1073741824
2023-06-10 16:33:03,233 INFO o.a.j.JMeter: Available Processors =8
2023-06-10 16:33:03,245 INFO o.a.j.JMeter: Default Locale=English (EN)
2023-06-10 16:33:03,245 INFO o.a.j.JMeter: JMeter  Locale=English (EN)
2023-06-10 16:33:03,245 INFO o.a.j.JMeter: JMeterHome=/usr/local/Cellar/jmeter/5.5/libexec
2023-06-10 16:33:03,246 INFO o.a.j.JMeter: user.dir  =/Users/yangxian/Desktop/tiktok/-tiktok-tech-immersion-2023
2023-06-10 16:33:03,246 INFO o.a.j.JMeter: PWD       =/Users/yangxian/Desktop/tiktok/-tiktok-tech-immersion-2023
2023-06-10 16:33:03,250 INFO o.a.j.JMeter: IP: 192.168.1.17 Name: Yangs-Air FullName: yangs-air
2023-06-10 16:33:03,264 INFO o.a.j.JMeter: Loaded icon properties from org/apache/jmeter/images/icon.properties
2023-06-10 16:33:03,794 INFO o.a.j.JMeterGuiLauncher: Setting LAF to: com.github.weisj.darklaf.DarkLaf:com.github.weisj.darklaf.theme.DarculaTheme
2023-06-10 16:33:06,272 INFO o.j.r.JARSourceHTTP: Found cached repo
2023-06-10 16:33:06,586 INFO o.j.r.PluginManager: Plugins Status: [jpgc-plugins-manager=1.7, jmeter-core=5.5, jmeter-ftp=5.5, jmeter-http=5.5, jmeter-jdbc=5.5, jmeter-jms=5.5, jmeter-junit=5.5, jmeter-java=5.5, jmeter-ldap=5.5, jmeter-mail=5.5, jmeter-mongodb=5.5, jmeter-native=5.5, jmeter-tcp=5.5, jmeter-components=5.5]
2023-06-10 16:33:06,591 INFO o.j.r.PluginManagerMenuItem: Plugins Manager has upgrades: [jpgc-plugins-manager]
2023-06-10 16:33:17,135 INFO o.a.j.s.FileServer: Default base='/Users/yangxian/Desktop/tiktok/-tiktok-tech-immersion-2023'
2023-06-10 16:33:17,146 INFO o.a.j.g.a.Load: Loading file: /Users/yangxian/Desktop/tiktok/-tiktok-tech-immersion-2023/HTTP Request.jmx
2023-06-10 16:33:17,147 INFO o.a.j.s.FileServer: Set new base='/Users/yangxian/Desktop/tiktok/-tiktok-tech-immersion-2023'
2023-06-10 16:33:17,812 INFO o.a.j.s.SaveService: Testplan (JMX) version: 2.2. Testlog (JTL) version: 2.2
2023-06-10 16:33:17,834 INFO o.a.j.s.SaveService: Using SaveService properties version 5.0
2023-06-10 16:33:17,837 INFO o.a.j.s.SaveService: Using SaveService properties file encoding UTF-8
2023-06-10 16:33:17,838 INFO o.a.j.s.SaveService: Loading file: /Users/yangxian/Desktop/tiktok/-tiktok-tech-immersion-2023/HTTP Request.jmx
2023-06-10 16:33:17,975 INFO o.a.j.p.h.s.HTTPSamplerBase: Parser for text/html is org.apache.jmeter.protocol.http.parser.LagartoBasedHtmlParser
2023-06-10 16:33:17,975 INFO o.a.j.p.h.s.HTTPSamplerBase: Parser for application/xhtml+xml is org.apache.jmeter.protocol.http.parser.LagartoBasedHtmlParser
2023-06-10 16:33:17,975 INFO o.a.j.p.h.s.HTTPSamplerBase: Parser for application/xml is org.apache.jmeter.protocol.http.parser.LagartoBasedHtmlParser
2023-06-10 16:33:17,975 INFO o.a.j.p.h.s.HTTPSamplerBase: Parser for text/xml is org.apache.jmeter.protocol.http.parser.LagartoBasedHtmlParser
2023-06-10 16:33:17,976 INFO o.a.j.p.h.s.HTTPSamplerBase: Parser for text/vnd.wap.wml is org.apache.jmeter.protocol.http.parser.RegexpHTMLParser
2023-06-10 16:33:17,976 INFO o.a.j.p.h.s.HTTPSamplerBase: Parser for text/css is org.apache.jmeter.protocol.http.parser.CssParser
2023-06-10 16:33:18,281 INFO o.a.j.s.SampleResult: Note: Sample TimeStamps are START times
2023-06-10 16:33:18,282 INFO o.a.j.s.SampleResult: sampleresult.default.encoding is set to ISO-8859-1
2023-06-10 16:33:18,282 INFO o.a.j.s.SampleResult: sampleresult.useNanoTime=true
2023-06-10 16:33:18,282 INFO o.a.j.s.SampleResult: sampleresult.nanoThreadSleep=5000
2023-06-10 16:33:18,406 INFO o.a.j.v.ViewResultsFullVisualizer: Add JavaFX to your Java installation if you want to use renderer: org.apache.jmeter.visualizers.RenderInBrowser
2023-06-10 16:33:18,578 INFO o.a.j.s.FileServer: Set new base='/Users/yangxian/Desktop/tiktok/-tiktok-tech-immersion-2023'
2023-06-10 16:33:31,827 INFO o.a.j.e.StandardJMeterEngine: Running the test!
2023-06-10 16:33:31,834 INFO o.a.j.s.SampleEvent: List of sample_variables: []
2023-06-10 16:33:31,834 INFO o.a.j.s.SampleEvent: List of sample_variables: []
2023-06-10 16:33:31,836 INFO o.a.j.e.u.CompoundVariable: Note: Function class names must contain the string: '.functions.'
2023-06-10 16:33:31,836 INFO o.a.j.e.u.CompoundVariable: Note: Function class names must not contain the string: '.gui.'
2023-06-10 16:33:31,905 INFO o.a.j.g.u.JMeterMenuBar: setRunning(true, *local*)
2023-06-10 16:33:32,033 INFO o.a.j.e.StandardJMeterEngine: Starting ThreadGroup: 1 : Thread Group
2023-06-10 16:33:32,037 INFO o.a.j.e.StandardJMeterEngine: Starting 20 threads for group Thread Group.
2023-06-10 16:33:32,037 INFO o.a.j.e.StandardJMeterEngine: Thread will continue on error
2023-06-10 16:33:32,038 INFO o.a.j.t.ThreadGroup: Starting thread group... number=1 threads=20 ramp-up=10 delayedStart=false
2023-06-10 16:33:32,060 INFO o.a.j.t.JMeterThread: Thread started: Thread Group 1-1
2023-06-10 16:33:32,105 INFO o.a.j.p.h.s.HTTPHCAbstractImpl: Local host = Yangs-Air
2023-06-10 16:33:32,128 INFO o.a.j.t.ThreadGroup: Started thread group number 1
2023-06-10 16:33:32,129 INFO o.a.j.p.h.s.HTTPHC4Impl: HTTP request retry count = 0
2023-06-10 16:33:32,129 INFO o.a.j.e.StandardJMeterEngine: All thread groups have been started
2023-06-10 16:33:32,304 INFO o.a.j.t.JMeterThread: Thread is done: Thread Group 1-1
2023-06-10 16:33:32,305 INFO o.a.j.t.JMeterThread: Thread finished: Thread Group 1-1
2023-06-10 16:33:32,549 INFO o.a.j.t.JMeterThread: Thread started: Thread Group 1-2
2023-06-10 16:33:32,617 INFO o.a.j.t.JMeterThread: Thread is done: Thread Group 1-2
2023-06-10 16:33:32,617 INFO o.a.j.t.JMeterThread: Thread finished: Thread Group 1-2
2023-06-10 16:33:33,060 INFO o.a.j.t.JMeterThread: Thread started: Thread Group 1-3
2023-06-10 16:33:33,107 INFO o.a.j.t.JMeterThread: Thread is done: Thread Group 1-3
2023-06-10 16:33:33,107 INFO o.a.j.t.JMeterThread: Thread finished: Thread Group 1-3
2023-06-10 16:33:33,546 INFO o.a.j.t.JMeterThread: Thread started: Thread Group 1-4
2023-06-10 16:33:33,620 INFO o.a.j.t.JMeterThread: Thread is done: Thread Group 1-4
2023-06-10 16:33:33,620 INFO o.a.j.t.JMeterThread: Thread finished: Thread Group 1-4
2023-06-10 16:33:34,045 INFO o.a.j.t.JMeterThread: Thread started: Thread Group 1-5
2023-06-10 16:33:34,101 INFO o.a.j.t.JMeterThread: Thread is done: Thread Group 1-5
2023-06-10 16:33:34,101 INFO o.a.j.t.JMeterThread: Thread finished: Thread Group 1-5
2023-06-10 16:33:34,547 INFO o.a.j.t.JMeterThread: Thread started: Thread Group 1-6
2023-06-10 16:33:34,632 INFO o.a.j.t.JMeterThread: Thread is done: Thread Group 1-6
2023-06-10 16:33:34,633 INFO o.a.j.t.JMeterThread: Thread finished: Thread Group 1-6
2023-06-10 16:33:35,045 INFO o.a.j.t.JMeterThread: Thread started: Thread Group 1-7
2023-06-10 16:33:35,119 INFO o.a.j.t.JMeterThread: Thread is done: Thread Group 1-7
2023-06-10 16:33:35,119 INFO o.a.j.t.JMeterThread: Thread finished: Thread Group 1-7
2023-06-10 16:33:35,543 INFO o.a.j.t.JMeterThread: Thread started: Thread Group 1-8
2023-06-10 16:33:35,600 INFO o.a.j.t.JMeterThread: Thread is done: Thread Group 1-8
2023-06-10 16:33:35,600 INFO o.a.j.t.JMeterThread: Thread finished: Thread Group 1-8
2023-06-10 16:33:36,042 INFO o.a.j.t.JMeterThread: Thread started: Thread Group 1-9
2023-06-10 16:33:36,093 INFO o.a.j.t.JMeterThread: Thread is done: Thread Group 1-9
2023-06-10 16:33:36,093 INFO o.a.j.t.JMeterThread: Thread finished: Thread Group 1-9
2023-06-10 16:33:36,550 INFO o.a.j.t.JMeterThread: Thread started: Thread Group 1-10
2023-06-10 16:33:36,583 INFO o.a.j.t.JMeterThread: Thread is done: Thread Group 1-10
2023-06-10 16:33:36,583 INFO o.a.j.t.JMeterThread: Thread finished: Thread Group 1-10
2023-06-10 16:33:37,075 INFO o.a.j.t.JMeterThread: Thread started: Thread Group 1-11
2023-06-10 16:33:37,154 INFO o.a.j.t.JMeterThread: Thread is done: Thread Group 1-11
2023-06-10 16:33:37,155 INFO o.a.j.t.JMeterThread: Thread finished: Thread Group 1-11
2023-06-10 16:33:37,547 INFO o.a.j.t.JMeterThread: Thread started: Thread Group 1-12
2023-06-10 16:33:37,616 INFO o.a.j.t.JMeterThread: Thread is done: Thread Group 1-12
2023-06-10 16:33:37,617 INFO o.a.j.t.JMeterThread: Thread finished: Thread Group 1-12
2023-06-10 16:33:38,048 INFO o.a.j.t.JMeterThread: Thread started: Thread Group 1-13
2023-06-10 16:33:38,109 INFO o.a.j.t.JMeterThread: Thread is done: Thread Group 1-13
2023-06-10 16:33:38,109 INFO o.a.j.t.JMeterThread: Thread finished: Thread Group 1-13
2023-06-10 16:33:38,544 INFO o.a.j.t.JMeterThread: Thread started: Thread Group 1-14
2023-06-10 16:33:38,594 INFO o.a.j.t.JMeterThread: Thread is done: Thread Group 1-14
2023-06-10 16:33:38,594 INFO o.a.j.t.JMeterThread: Thread finished: Thread Group 1-14
2023-06-10 16:33:39,043 INFO o.a.j.t.JMeterThread: Thread started: Thread Group 1-15
2023-06-10 16:33:39,104 INFO o.a.j.t.JMeterThread: Thread is done: Thread Group 1-15
2023-06-10 16:33:39,104 INFO o.a.j.t.JMeterThread: Thread finished: Thread Group 1-15
2023-06-10 16:33:39,547 INFO o.a.j.t.JMeterThread: Thread started: Thread Group 1-16
2023-06-10 16:33:39,600 INFO o.a.j.t.JMeterThread: Thread is done: Thread Group 1-16
2023-06-10 16:33:39,601 INFO o.a.j.t.JMeterThread: Thread finished: Thread Group 1-16
2023-06-10 16:33:40,047 INFO o.a.j.t.JMeterThread: Thread started: Thread Group 1-17
2023-06-10 16:33:40,085 INFO o.a.j.t.JMeterThread: Thread is done: Thread Group 1-17
2023-06-10 16:33:40,085 INFO o.a.j.t.JMeterThread: Thread finished: Thread Group 1-17
2023-06-10 16:33:40,544 INFO o.a.j.t.JMeterThread: Thread started: Thread Group 1-18
2023-06-10 16:33:40,598 INFO o.a.j.t.JMeterThread: Thread is done: Thread Group 1-18
2023-06-10 16:33:40,599 INFO o.a.j.t.JMeterThread: Thread finished: Thread Group 1-18
2023-06-10 16:33:41,050 INFO o.a.j.t.JMeterThread: Thread started: Thread Group 1-19
2023-06-10 16:33:41,113 INFO o.a.j.t.JMeterThread: Thread is done: Thread Group 1-19
2023-06-10 16:33:41,114 INFO o.a.j.t.JMeterThread: Thread finished: Thread Group 1-19
2023-06-10 16:33:41,548 INFO o.a.j.t.JMeterThread: Thread started: Thread Group 1-20
2023-06-10 16:33:41,617 INFO o.a.j.t.JMeterThread: Thread is done: Thread Group 1-20
2023-06-10 16:33:41,617 INFO o.a.j.t.JMeterThread: Thread finished: Thread Group 1-20
2023-06-10 16:33:41,618 INFO o.a.j.e.StandardJMeterEngine: Notifying test listeners of end of test
2023-06-10 16:33:41,623 INFO o.a.j.g.u.JMeterMenuBar: setRunning(false, *local*)
